<?xml version="1.0" encoding="UTF-8"?>
<testng-results ignored="0" total="2" passed="2" failed="0" skipped="0">
  <reporter-output>
  </reporter-output>
  <suite started-at="2024-11-29T12:21:15 IST" name="Suite" finished-at="2024-11-29T12:21:18 IST" duration-ms="3329">
    <groups>
    </groups>
    <test started-at="2024-11-29T12:21:15 IST" name="Test" finished-at="2024-11-29T12:21:18 IST" duration-ms="3329">
      <class name="pack.google">
        <test-method signature="Browser_Launch()[pri:0, instance:pack.google@4738a206]" started-at="2024-11-29T12:21:15 IST" name="Browser_Launch" finished-at="2024-11-29T12:21:16 IST" duration-ms="1041" status="PASS">
          <reporter-output>
          </reporter-output>
        </test-method> <!-- Browser_Launch -->
        <test-method signature="Open_Google()[pri:0, instance:pack.google@4738a206]" started-at="2024-11-29T12:21:16 IST" name="Open_Google" finished-at="2024-11-29T12:21:18 IST" duration-ms="2254" status="PASS">
          <reporter-output>
          </reporter-output>
        </test-method> <!-- Open_Google -->
      </class> <!-- pack.google -->
    </test> <!-- Test -->
  </suite> <!-- Suite -->
</testng-results>
